<?xml version="1.0" encoding="UTF-8"?>
<robot generator="Robot 6.1 (Python 3.11.2 on darwin)" generated="20230727 09:04:07.314" rpa="false" schemaversion="4">
<suite id="s1" name="Crm" source="/Users/pawelpaszki/robot-playground/first-script/Tests/Crm.robot">
<test id="s1-t1" name="Should be able to add new customer" line="9">
<kw name="Set Selenium Speed" library="SeleniumLibrary">
<arg>.2s</arg>
<doc>Sets the delay that is waited after each Selenium command.</doc>
<status status="PASS" starttime="20230727 09:04:07.452" endtime="20230727 09:04:07.452"/>
</kw>
<kw name="Set Selenium Timeout" library="SeleniumLibrary">
<arg>10s</arg>
<doc>Sets the timeout that is used by various keywords.</doc>
<status status="PASS" starttime="20230727 09:04:07.452" endtime="20230727 09:04:07.452"/>
</kw>
<kw name="Log" library="BuiltIn">
<arg>Starting the test case</arg>
<doc>Logs the given message with the given level.</doc>
<msg timestamp="20230727 09:04:07.453" level="INFO">Starting the test case</msg>
<status status="PASS" starttime="20230727 09:04:07.453" endtime="20230727 09:04:07.453"/>
</kw>
<kw name="Open Browser" library="SeleniumLibrary">
<arg>https://automationplayground.com/crm/</arg>
<arg>chrome</arg>
<doc>Opens a new browser instance to the optional ``url``.</doc>
<msg timestamp="20230727 09:04:07.453" level="INFO">Opening browser 'chrome' to base url 'https://automationplayground.com/crm/'.</msg>
<status status="PASS" starttime="20230727 09:04:07.453" endtime="20230727 09:04:19.201"/>
</kw>
<kw name="Set Window Position" library="SeleniumLibrary">
<arg>x=350</arg>
<arg>y=200</arg>
<doc>Sets window position using ``x`` and ``y`` coordinates.</doc>
<status status="PASS" starttime="20230727 09:04:19.202" endtime="20230727 09:04:19.514"/>
</kw>
<kw name="Set Window Size" library="SeleniumLibrary">
<arg>width=1000</arg>
<arg>height=600</arg>
<doc>Sets current windows size to given ``width`` and ``height``.</doc>
<status status="PASS" starttime="20230727 09:04:19.514" endtime="20230727 09:04:19.828"/>
</kw>
<kw name="Sleep" library="BuiltIn">
<arg>3s</arg>
<doc>Pauses the test executed for the given time.</doc>
<msg timestamp="20230727 09:04:22.831" level="INFO">Slept 3 seconds</msg>
<status status="PASS" starttime="20230727 09:04:19.828" endtime="20230727 09:04:22.831"/>
</kw>
<kw name="Close Browser" library="SeleniumLibrary">
<doc>Closes the current browser.</doc>
<status status="PASS" starttime="20230727 09:04:22.832" endtime="20230727 09:04:23.104"/>
</kw>
<doc>This is some basic info about the test</doc>
<tag>1006</tag>
<tag>Contacts</tag>
<tag>Smoke</tag>
<status status="PASS" starttime="20230727 09:04:07.451" endtime="20230727 09:04:23.104"/>
</test>
<doc>This is the basic info about the whole suite</doc>
<status status="PASS" starttime="20230727 09:04:07.315" endtime="20230727 09:04:23.105"/>
</suite>
<statistics>
<total>
<stat pass="1" fail="0" skip="0">All Tests</stat>
</total>
<tag>
<stat pass="1" fail="0" skip="0">1006</stat>
<stat pass="1" fail="0" skip="0">Contacts</stat>
<stat pass="1" fail="0" skip="0">Smoke</stat>
</tag>
<suite>
<stat pass="1" fail="0" skip="0" id="s1" name="Crm">Crm</stat>
</suite>
</statistics>
<errors>
</errors>
</robot>
