<?xml version="1.0" encoding="UTF-8"?>
<robot generator="Robot 6.1 (Python 3.11.2 on darwin)" generated="20230727 11:30:11.404" rpa="false" schemaversion="4">
<suite id="s1" name="Crm" source="/Users/pawelpaszki/robot-playground/first-script/Tests/Crm.robot">
<test id="s1-t1" name="Should be able to add new customer" line="12">
<kw name="Set Selenium Speed" library="SeleniumLibrary">
<arg>.2s</arg>
<doc>Sets the delay that is waited after each Selenium command.</doc>
<status status="PASS" starttime="20230727 11:30:11.550" endtime="20230727 11:30:11.550"/>
</kw>
<kw name="Set Selenium Timeout" library="SeleniumLibrary">
<arg>10s</arg>
<doc>Sets the timeout that is used by various keywords.</doc>
<status status="PASS" starttime="20230727 11:30:11.550" endtime="20230727 11:30:11.550"/>
</kw>
<kw name="Log" library="BuiltIn">
<arg>Starting the test case</arg>
<doc>Logs the given message with the given level.</doc>
<msg timestamp="20230727 11:30:11.550" level="INFO">Starting the test case</msg>
<status status="PASS" starttime="20230727 11:30:11.550" endtime="20230727 11:30:11.550"/>
</kw>
<kw name="Open Browser" library="SeleniumLibrary">
<arg>https://automationplayground.com/crm/</arg>
<arg>chrome</arg>
<doc>Opens a new browser instance to the optional ``url``.</doc>
<msg timestamp="20230727 11:30:11.551" level="INFO">Opening browser 'chrome' to base url 'https://automationplayground.com/crm/'.</msg>
<status status="PASS" starttime="20230727 11:30:11.550" endtime="20230727 11:30:14.215"/>
</kw>
<kw name="Set Window Position" library="SeleniumLibrary">
<arg>x=100</arg>
<arg>y=200</arg>
<doc>Sets window position using ``x`` and ``y`` coordinates.</doc>
<status status="PASS" starttime="20230727 11:30:14.216" endtime="20230727 11:30:14.525"/>
</kw>
<kw name="Set Window Size" library="SeleniumLibrary">
<arg>width=1600</arg>
<arg>height=1200</arg>
<doc>Sets current windows size to given ``width`` and ``height``.</doc>
<status status="PASS" starttime="20230727 11:30:14.525" endtime="20230727 11:30:14.841"/>
</kw>
<kw name="Page Should Contain" library="SeleniumLibrary">
<arg>Customers Are Priority One</arg>
<doc>Verifies that current page contains ``text``.</doc>
<msg timestamp="20230727 11:30:15.262" level="INFO">Current page contains text 'Customers Are Priority One'.</msg>
<status status="PASS" starttime="20230727 11:30:14.842" endtime="20230727 11:30:15.263"/>
</kw>
<kw name="Click Link" library="SeleniumLibrary">
<arg>id=SignIn</arg>
<doc>Clicks a link identified by ``locator``.</doc>
<msg timestamp="20230727 11:30:15.265" level="INFO">Clicking link 'id=SignIn'.</msg>
<status status="PASS" starttime="20230727 11:30:15.263" endtime="20230727 11:30:16.140"/>
</kw>
<kw name="Input Text" library="SeleniumLibrary">
<arg>id=email-id</arg>
<arg>admin@robot.com</arg>
<doc>Types the given ``text`` into the text field identified by ``locator``.</doc>
<msg timestamp="20230727 11:30:16.142" level="INFO">Typing text 'admin@robot.com' into text field 'id=email-id'.</msg>
<status status="PASS" starttime="20230727 11:30:16.141" endtime="20230727 11:30:16.917"/>
</kw>
<kw name="Input Text" library="SeleniumLibrary">
<arg>id=password</arg>
<arg>Password1</arg>
<doc>Types the given ``text`` into the text field identified by ``locator``.</doc>
<msg timestamp="20230727 11:30:16.918" level="INFO">Typing text 'Password1' into text field 'id=password'.</msg>
<status status="PASS" starttime="20230727 11:30:16.918" endtime="20230727 11:30:17.590"/>
</kw>
<kw name="Click Button" library="SeleniumLibrary">
<arg>id=submit-id</arg>
<doc>Clicks the button identified by ``locator``.</doc>
<msg timestamp="20230727 11:30:17.591" level="INFO">Clicking button 'id=submit-id'.</msg>
<status status="PASS" starttime="20230727 11:30:17.590" endtime="20230727 11:30:19.049"/>
</kw>
<kw name="Page Should Contain" library="SeleniumLibrary">
<arg>Our Happy Customers</arg>
<doc>Verifies that current page contains ``text``.</doc>
<msg timestamp="20230727 11:30:19.473" level="INFO">Current page contains text 'Our Happy Customers'.</msg>
<status status="PASS" starttime="20230727 11:30:19.049" endtime="20230727 11:30:19.473"/>
</kw>
<kw name="Click Link" library="SeleniumLibrary">
<arg>id=new-customer</arg>
<doc>Clicks a link identified by ``locator``.</doc>
<msg timestamp="20230727 11:30:19.474" level="INFO">Clicking link 'id=new-customer'.</msg>
<status status="PASS" starttime="20230727 11:30:19.474" endtime="20230727 11:30:20.447"/>
</kw>
<kw name="Page Should Contain" library="SeleniumLibrary">
<arg>Add Customer</arg>
<doc>Verifies that current page contains ``text``.</doc>
<msg timestamp="20230727 11:30:20.867" level="INFO">Current page contains text 'Add Customer'.</msg>
<status status="PASS" starttime="20230727 11:30:20.447" endtime="20230727 11:30:20.867"/>
</kw>
<kw name="Input Text" library="SeleniumLibrary">
<arg>id=EmailAddress</arg>
<arg>jdoe@robot.com</arg>
<doc>Types the given ``text`` into the text field identified by ``locator``.</doc>
<msg timestamp="20230727 11:30:20.869" level="INFO">Typing text 'jdoe@robot.com' into text field 'id=EmailAddress'.</msg>
<status status="PASS" starttime="20230727 11:30:20.868" endtime="20230727 11:30:21.557"/>
</kw>
<kw name="Input Text" library="SeleniumLibrary">
<arg>id=FirstName</arg>
<arg>Jane</arg>
<doc>Types the given ``text`` into the text field identified by ``locator``.</doc>
<msg timestamp="20230727 11:30:21.558" level="INFO">Typing text 'Jane' into text field 'id=FirstName'.</msg>
<status status="PASS" starttime="20230727 11:30:21.558" endtime="20230727 11:30:22.249"/>
</kw>
<kw name="Input Text" library="SeleniumLibrary">
<arg>id=LastName</arg>
<arg>Doe</arg>
<doc>Types the given ``text`` into the text field identified by ``locator``.</doc>
<msg timestamp="20230727 11:30:22.251" level="INFO">Typing text 'Doe' into text field 'id=LastName'.</msg>
<status status="PASS" starttime="20230727 11:30:22.250" endtime="20230727 11:30:22.921"/>
</kw>
<kw name="Input Text" library="SeleniumLibrary">
<arg>id=City</arg>
<arg>Dallas</arg>
<doc>Types the given ``text`` into the text field identified by ``locator``.</doc>
<msg timestamp="20230727 11:30:22.922" level="INFO">Typing text 'Dallas' into text field 'id=City'.</msg>
<status status="PASS" starttime="20230727 11:30:22.922" endtime="20230727 11:30:23.583"/>
</kw>
<kw name="Select From List By Value" library="SeleniumLibrary">
<arg>id=StateOrRegion</arg>
<arg>TX</arg>
<doc>Selects options from selection list ``locator`` by ``values``.</doc>
<msg timestamp="20230727 11:30:23.584" level="INFO">Selecting options from selection list 'id=StateOrRegion' by value TX.</msg>
<status status="PASS" starttime="20230727 11:30:23.583" endtime="20230727 11:30:25.292"/>
</kw>
<kw name="Select Radio Button" library="SeleniumLibrary">
<arg>gender</arg>
<arg>female</arg>
<doc>Sets the radio button group ``group_name`` to ``value``.</doc>
<msg timestamp="20230727 11:30:25.293" level="INFO">Selecting 'female' from radio button 'gender'.</msg>
<status status="PASS" starttime="20230727 11:30:25.293" endtime="20230727 11:30:25.953"/>
</kw>
<kw name="Select Checkbox" library="SeleniumLibrary">
<arg>name=promos-name</arg>
<doc>Selects the checkbox identified by ``locator``.</doc>
<msg timestamp="20230727 11:30:25.955" level="INFO">Selecting checkbox 'name=promos-name'.</msg>
<status status="PASS" starttime="20230727 11:30:25.954" endtime="20230727 11:30:27.014"/>
</kw>
<kw name="Click Button" library="SeleniumLibrary">
<arg>Submit</arg>
<doc>Clicks the button identified by ``locator``.</doc>
<msg timestamp="20230727 11:30:27.015" level="INFO">Clicking button 'Submit'.</msg>
<status status="PASS" starttime="20230727 11:30:27.015" endtime="20230727 11:30:28.039"/>
</kw>
<kw name="Wait Until Page Contains" library="SeleniumLibrary">
<arg>Success! New customer added</arg>
<doc>Waits until ``text`` appears on the current page.</doc>
<status status="PASS" starttime="20230727 11:30:28.039" endtime="20230727 11:30:28.251"/>
</kw>
<kw name="Sleep" library="BuiltIn">
<arg>3s</arg>
<doc>Pauses the test executed for the given time.</doc>
<msg timestamp="20230727 11:30:31.252" level="INFO">Slept 3 seconds</msg>
<status status="PASS" starttime="20230727 11:30:28.251" endtime="20230727 11:30:31.252"/>
</kw>
<kw name="Close Browser" library="SeleniumLibrary">
<doc>Closes the current browser.</doc>
<status status="PASS" starttime="20230727 11:30:31.252" endtime="20230727 11:30:31.518"/>
</kw>
<doc>This is some basic info about the test</doc>
<tag>1006</tag>
<tag>Contacts</tag>
<tag>Smoke</tag>
<status status="PASS" starttime="20230727 11:30:11.549" endtime="20230727 11:30:31.519"/>
</test>
<doc>This is the basic info about the whole suite</doc>
<status status="PASS" starttime="20230727 11:30:11.405" endtime="20230727 11:30:31.519"/>
</suite>
<statistics>
<total>
<stat pass="1" fail="0" skip="0">All Tests</stat>
</total>
<tag>
<stat pass="1" fail="0" skip="0">1006</stat>
<stat pass="1" fail="0" skip="0">Contacts</stat>
<stat pass="1" fail="0" skip="0">Smoke</stat>
</tag>
<suite>
<stat pass="1" fail="0" skip="0" id="s1" name="Crm">Crm</stat>
</suite>
</statistics>
<errors>
</errors>
</robot>
